2020-06-21 12:32:04 INFO  [main]: Start MainPageTest setUp 1 time
2020-06-21 12:32:13 INFO  [main]: Finish MainPageTest setUp 1 time
2020-06-21 12:32:13 INFO  [main]: Start MainPageTest logoTest
2020-06-21 12:32:13 INFO  [main]: Start MainPageTest tearDown 0 time
2020-06-21 12:32:14 INFO  [main]: Finish MainPageTest tearDown 0 time
2020-06-21 12:33:13 INFO  [main]: Start MainPageTest setUp 1 time
2020-06-21 12:33:22 INFO  [main]: Finish MainPageTest setUp 1 time
2020-06-21 12:33:22 INFO  [main]: Start MainPageTest logoTest
2020-06-21 12:33:22 INFO  [main]: Finish MainPageTest logoTest
2020-06-21 12:33:22 INFO  [main]: Start MainPageTest tearDown 1 time
2020-06-21 12:33:23 INFO  [main]: Finish MainPageTest tearDown 1 time
2020-06-21 12:48:12 INFO  [main]: Start MainPageTest setUp 1 time
2020-06-21 12:48:23 INFO  [main]: Finish MainPageTest setUp 1 time
2020-06-21 12:48:23 INFO  [main]: Start MainPageTest getCreatAkkTest
2020-06-21 12:48:28 INFO  [main]: Start MainPageTest tearDown 1 time
2020-06-21 12:48:28 INFO  [main]: Finish MainPageTest tearDown 1 time
2020-06-21 12:50:26 INFO  [main]: Start MainPageTest setUp 1 time
2020-06-21 12:50:36 INFO  [main]: Finish MainPageTest setUp 1 time
2020-06-21 12:50:36 INFO  [main]: Start MainPageTest getCreatAkkTest
2020-06-21 12:50:41 INFO  [main]: Start MainPageTest tearDown 1 time
2020-06-21 12:50:41 INFO  [main]: Finish MainPageTest tearDown 1 time
2020-06-21 12:51:21 INFO  [main]: Start MainPageTest setUp 1 time
2020-06-21 12:51:29 INFO  [main]: Finish MainPageTest setUp 1 time
2020-06-21 12:51:29 INFO  [main]: Start MainPageTest getCreatAkkTest
2020-06-21 12:51:55 INFO  [main]: Start MainPageTest setUp 1 time
2020-06-21 12:52:03 INFO  [main]: Finish MainPageTest setUp 1 time
2020-06-21 12:52:03 INFO  [main]: Start MainPageTest getCreatAkkTest
2020-06-21 12:52:03 INFO  [main]: Finish MainPageTest getCreatAkkTest
2020-06-21 12:55:39 INFO  [main]: Start MainPageTest setUp 1 time
2020-06-21 12:55:47 INFO  [main]: Finish MainPageTest setUp 1 time
2020-06-21 12:55:47 INFO  [main]: Start MainPageTest logoTest
2020-06-21 12:55:47 INFO  [main]: Finish MainPageTest logoTest
2020-06-21 14:02:34 INFO  [main]: Start MainPageTest setUp 1 time
2020-06-21 14:02:42 INFO  [main]: Finish MainPageTest setUp 1 time
2020-06-21 14:02:42 INFO  [main]: Start MainPageTest logoTest
2020-06-21 14:02:42 INFO  [main]: Finish MainPageTest logoTest
2020-06-21 14:20:06 INFO  [main]: Start MainPageTest setUp 1 time
2020-06-21 14:20:15 INFO  [main]: Finish MainPageTest setUp 1 time
2020-06-21 14:20:15 INFO  [main]: Start MainPageTest logoTest
2020-06-21 14:20:15 INFO  [main]: Finish MainPageTest logoTest
2020-06-21 14:20:40 INFO  [main]: Start MainPageTest setUp 1 time
2020-06-21 14:20:48 INFO  [main]: Finish MainPageTest setUp 1 time
2020-06-21 14:20:48 INFO  [main]: Start MainPageTest getCreatAkkTest
2020-06-21 14:20:48 INFO  [main]: Finish MainPageTest getCreatAkkTest
2020-06-21 14:21:05 INFO  [main]: Start MainPageTest setUp 1 time
2020-06-21 14:21:12 INFO  [main]: Finish MainPageTest setUp 1 time
2020-06-21 14:21:12 INFO  [main]: Start MainPageTest getCreatAkkTest
2020-06-21 14:21:12 INFO  [main]: Finish MainPageTest getCreatAkkTest
2020-06-21 14:21:12 INFO  [main]: Start MainPageTest tearDown 1 time
2020-06-21 14:21:13 INFO  [main]: Finish MainPageTest tearDown 1 time
2020-06-21 14:21:18 INFO  [main]: Start MainPageTest setUp 1 time
2020-06-21 14:21:27 INFO  [main]: Finish MainPageTest setUp 1 time
2020-06-21 14:21:27 INFO  [main]: Start MainPageTest getCreatAkkTest
2020-06-21 14:21:27 INFO  [main]: Finish MainPageTest getCreatAkkTest
2020-06-21 14:21:27 INFO  [main]: Start MainPageTest tearDown 1 time
2020-06-21 14:21:29 INFO  [main]: Finish MainPageTest tearDown 1 time
2020-06-21 14:21:29 INFO  [main]: Start MainPageTest setUp 1 time
2020-06-21 14:21:36 INFO  [main]: Finish MainPageTest setUp 1 time
2020-06-21 14:21:36 INFO  [main]: Start MainPageTest logoTest
2020-06-21 14:21:36 INFO  [main]: Finish MainPageTest logoTest
2020-06-21 14:21:36 INFO  [main]: Start MainPageTest tearDown 1 time
2020-06-21 14:21:37 INFO  [main]: Finish MainPageTest tearDown 1 time
2020-06-21 14:42:40 INFO  [main]: Start MainPageTest setUp 1 time
2020-06-21 14:42:49 INFO  [main]: Finish MainPageTest setUp 1 time
2020-06-21 14:42:49 INFO  [main]: Start MainPage setName
2020-06-21 14:42:49 INFO  [main]: Start MainPageTest tearDown 1 time
2020-06-21 14:42:49 INFO  [main]: Finish MainPageTest tearDown 1 time
2020-06-21 15:00:30 INFO  [main]: Start MainPageTest setUp 1 time
2020-06-21 15:00:39 INFO  [main]: Finish MainPageTest setUp 1 time
2020-06-21 15:00:39 INFO  [main]: Start MainPage setName
2020-06-21 15:00:39 INFO  [main]: Finis MainPage setName
2020-06-21 15:00:39 INFO  [main]: Start MainPageTest tearDown 1 time
2020-06-21 15:00:41 INFO  [main]: Finish MainPageTest tearDown 1 time
2020-06-21 15:13:34 INFO  [main]: Start MainPageTest setUp 1 time
2020-06-21 15:13:43 INFO  [main]: Finish MainPageTest setUp 1 time
2020-06-21 15:13:43 INFO  [main]: Start MainPage setName
2020-06-21 15:13:43 INFO  [main]: Start MainPageTest tearDown 1 time
2020-06-21 15:13:45 INFO  [main]: Finish MainPageTest tearDown 1 time
2020-06-21 15:50:31 INFO  [main]: Start MainPageTest setUp 1 time
2020-06-21 15:50:40 INFO  [main]: Finish MainPageTest setUp 1 time
2020-06-21 15:50:40 INFO  [main]: Start MainPage setName
2020-06-21 15:50:40 INFO  [main]: Start MainPageTest tearDown 1 time
2020-06-21 15:50:42 INFO  [main]: Finish MainPageTest tearDown 1 time
2020-06-21 15:54:17 INFO  [main]: Start MainPageTest setUp 1 time
2020-06-21 15:54:27 INFO  [main]: Finish MainPageTest setUp 1 time
2020-06-21 15:54:27 INFO  [main]: Start MainPage setName
2020-06-21 15:54:28 INFO  [main]: 123
2020-06-21 15:54:28 INFO  [main]: Finis MainPage setName
2020-06-21 15:54:28 INFO  [main]: Start MainPageTest tearDown 1 time
2020-06-21 15:54:30 INFO  [main]: Finish MainPageTest tearDown 1 time
2020-06-21 15:54:52 INFO  [main]: Start MainPageTest setUp 1 time
2020-06-21 15:55:00 INFO  [main]: Finish MainPageTest setUp 1 time
2020-06-21 15:55:00 INFO  [main]: Start MainPage setName
2020-06-21 15:55:00 INFO  [main]: 123
2020-06-21 15:55:00 INFO  [main]: Finis MainPage setName
2020-06-21 15:56:44 INFO  [main]: Start MainPageTest setUp 1 time
2020-06-21 15:56:52 INFO  [main]: Finish MainPageTest setUp 1 time
2020-06-21 15:56:52 INFO  [main]: Start MainPage setName
2020-06-21 15:56:52 INFO  [main]: 123
2020-06-21 15:56:52 INFO  [main]: Finis MainPage setName
2020-06-21 16:00:14 INFO  [main]: Start MainPageTest setUp 1 time
2020-06-21 16:00:22 INFO  [main]: Finish MainPageTest setUp 1 time
2020-06-21 16:00:22 INFO  [main]: Start MainPage setName
2020-06-21 16:00:23 INFO  [main]: Finis MainPage setName
2020-06-21 16:00:45 INFO  [main]: Start MainPageTest setUp 1 time
2020-06-21 16:00:53 INFO  [main]: Finish MainPageTest setUp 1 time
2020-06-21 16:00:53 INFO  [main]: Start MainPage setName
2020-06-21 16:14:31 INFO  [main]: Start MainPageTest setUp 1 time
2020-06-21 16:14:39 INFO  [main]: Finish MainPageTest setUp 1 time
2020-06-21 16:14:39 INFO  [main]: Start MainPage setName
2020-06-21 16:15:54 INFO  [main]: Start MainPageTest setUp 1 time
2020-06-21 16:16:02 INFO  [main]: Finish MainPageTest setUp 1 time
2020-06-21 16:16:02 INFO  [main]: Start MainPage setName
2020-06-21 16:16:28 INFO  [main]: Start MainPageTest setUp 1 time
2020-06-21 16:16:36 INFO  [main]: Finish MainPageTest setUp 1 time
2020-06-21 16:16:36 INFO  [main]: Start MainPage setName
2020-06-21 16:16:36 INFO  [main]: Finis MainPage setName
2020-06-21 16:16:59 INFO  [main]: Start MainPageTest setUp 1 time
2020-06-21 16:17:07 INFO  [main]: Finish MainPageTest setUp 1 time
2020-06-21 16:17:07 INFO  [main]: Start MainPage setName
2020-06-21 16:18:21 INFO  [main]: Start MainPageTest setUp 1 time
2020-06-21 16:18:29 INFO  [main]: Finish MainPageTest setUp 1 time
2020-06-21 16:18:29 INFO  [main]: Start MainPage setName
2020-06-21 16:19:26 INFO  [main]: Start MainPageTest setUp 1 time
2020-06-21 16:19:36 INFO  [main]: Finish MainPageTest setUp 1 time
2020-06-21 16:19:36 INFO  [main]: Start MainPage setName
2020-06-21 16:24:47 INFO  [main]: Start MainPageTest setUp 1 time
2020-06-21 16:24:55 INFO  [main]: Finish MainPageTest setUp 1 time
2020-06-21 16:24:55 INFO  [main]: Start MainPage setName
2020-06-21 16:25:09 INFO  [main]: Start MainPageTest setUp 1 time
2020-06-21 16:25:16 INFO  [main]: Finish MainPageTest setUp 1 time
2020-06-21 16:25:16 INFO  [main]: Start MainPage setName
2020-06-21 16:25:34 INFO  [main]: Start MainPageTest setUp 1 time
2020-06-21 16:25:41 INFO  [main]: Finish MainPageTest setUp 1 time
2020-06-21 16:25:41 INFO  [main]: Start MainPage setName
2020-06-21 16:31:24 INFO  [main]: Start MainPageTest setUp 1 time
2020-06-21 16:31:33 INFO  [main]: Finish MainPageTest setUp 1 time
2020-06-21 16:31:33 INFO  [main]: Start MainPage setName
2020-06-21 16:32:23 INFO  [main]: Start MainPageTest setUp 1 time
2020-06-21 16:32:31 INFO  [main]: Finish MainPageTest setUp 1 time
2020-06-21 16:32:31 INFO  [main]: Start MainPage setName
2020-06-21 16:34:10 INFO  [main]: Start MainPageTest setUp 1 time
2020-06-21 16:34:18 INFO  [main]: Finish MainPageTest setUp 1 time
2020-06-21 16:34:18 INFO  [main]: Start MainPage setName
2020-06-21 16:38:11 INFO  [main]: Start MainPageTest setUp 1 time
2020-06-21 16:38:20 INFO  [main]: Finish MainPageTest setUp 1 time
2020-06-21 16:38:20 INFO  [main]: Start MainPage setName
2020-06-21 16:52:01 INFO  [main]: Start MainPageTest setUp 1 time
2020-06-21 16:52:09 INFO  [main]: Finish MainPageTest setUp 1 time
2020-06-21 16:52:09 INFO  [main]: Start MainPage setName
2020-06-21 16:52:10 INFO  [main]: Finis MainPage setName
2020-06-21 16:57:59 INFO  [main]: Start MainPageTest setUp 1 time
2020-06-21 16:58:07 INFO  [main]: Finish MainPageTest setUp 1 time
2020-06-21 16:58:07 INFO  [main]: Start MainPage setName
2020-06-21 16:59:12 INFO  [main]: Start MainPageTest setUp 1 time
2020-06-21 16:59:22 INFO  [main]: Finish MainPageTest setUp 1 time
2020-06-21 16:59:22 INFO  [main]: Start MainPage setName
2020-06-21 16:59:22 INFO  [main]: Finis MainPage setName
2020-06-21 17:04:28 INFO  [main]: Start MainPageTest setUp 1 time
2020-06-21 17:04:38 INFO  [main]: Finish MainPageTest setUp 1 time
2020-06-21 17:04:38 INFO  [main]: Start MainPage setName
2020-06-21 17:04:38 INFO  [main]: Finis MainPage setName
2020-06-21 17:05:16 INFO  [main]: Start MainPageTest setUp 1 time
2020-06-21 17:05:23 INFO  [main]: Finish MainPageTest setUp 1 time
2020-06-21 17:05:23 INFO  [main]: Start MainPage setName
2020-06-21 17:13:06 INFO  [main]: Start MainPageTest setUp 1 time
2020-06-21 17:13:07 INFO  [main]: Start MainPageTest setUp 1 time
2020-06-21 17:13:17 INFO  [main]: Finish MainPageTest setUp 1 time
2020-06-21 17:13:17 INFO  [main]: Start MainPage setName
2020-06-21 17:13:19 INFO  [main]: Finish MainPageTest setUp 1 time
2020-06-21 17:13:19 INFO  [main]: Start MainPage setName
2020-06-21 17:13:19 INFO  [main]: Finis MainPage setName
2020-06-21 17:13:51 INFO  [main]: Start MainPageTest setUp 1 time
2020-06-21 17:13:59 INFO  [main]: Finish MainPageTest setUp 1 time
2020-06-21 17:13:59 INFO  [main]: Start MainPage setName
2020-06-21 17:14:56 INFO  [main]: Start MainPageTest setUp 1 time
2020-06-21 17:15:05 INFO  [main]: Finish MainPageTest setUp 1 time
2020-06-21 17:15:05 INFO  [main]: Start MainPageTest getCreatAkkTest
2020-06-21 17:15:05 INFO  [main]: Finish MainPageTest getCreatAkkTest
2020-06-21 17:15:16 INFO  [main]: Start MainPageTest setUp 1 time
2020-06-21 17:15:23 INFO  [main]: Finish MainPageTest setUp 1 time
2020-06-21 17:15:23 INFO  [main]: Start MainPage setName
2020-06-21 17:20:33 INFO  [main]: Start MainPageTest setUp 1 time
2020-06-21 17:20:41 INFO  [main]: Finish MainPageTest setUp 1 time
2020-06-21 17:20:41 INFO  [main]: Start MainPage setName
2020-06-21 17:20:42 INFO  [main]: Finis MainPage setName
2020-06-21 17:22:45 INFO  [main]: Start MainPageTest setUp 1 time
2020-06-21 17:22:53 INFO  [main]: Finish MainPageTest setUp 1 time
2020-06-21 17:22:53 INFO  [main]: Start MainPage setName
2020-06-21 17:23:48 INFO  [main]: Start MainPageTest setUp 1 time
2020-06-21 17:23:57 INFO  [main]: Finish MainPageTest setUp 1 time
2020-06-21 17:23:57 INFO  [main]: Start MainPage setName
2020-06-21 17:26:55 INFO  [main]: Start MainPageTest setUp 1 time
2020-06-21 17:27:03 INFO  [main]: Finish MainPageTest setUp 1 time
2020-06-21 17:27:03 INFO  [main]: Start MainPage setName
2020-06-21 17:48:37 INFO  [main]: Start MainPageTest setUp 1 time
2020-06-21 17:48:47 INFO  [main]: Finish MainPageTest setUp 1 time
2020-06-21 17:48:47 INFO  [main]: Start MainPage setName
2020-06-21 17:49:42 INFO  [main]: Start MainPageTest setUp 1 time
2020-06-21 17:49:50 INFO  [main]: Finish MainPageTest setUp 1 time
2020-06-21 17:49:50 INFO  [main]: Start MainPageTest logoTest
2020-06-21 17:49:50 INFO  [main]: Finish MainPageTest logoTest
2020-06-21 17:51:01 INFO  [main]: Start MainPageTest setUp 1 time
2020-06-21 17:51:10 INFO  [main]: Finish MainPageTest setUp 1 time
2020-06-21 17:51:10 INFO  [main]: Start MainPageTest getCreatAkkTest
2020-06-21 17:51:10 INFO  [main]: Finish MainPageTest getCreatAkkTest
2020-06-21 17:51:10 INFO  [main]: Start MainPageTest tearDown 1 time
2020-06-21 17:51:12 INFO  [main]: Finish MainPageTest tearDown 1 time
2020-06-21 17:51:12 INFO  [main]: Start MainPageTest setUp 1 time
2020-06-21 17:51:18 INFO  [main]: Finish MainPageTest setUp 1 time
2020-06-21 17:51:18 INFO  [main]: Start MainPage setName
2020-06-21 17:51:23 INFO  [main]: Start MainPageTest tearDown 1 time
2020-06-21 17:51:26 INFO  [main]: Finish MainPageTest tearDown 1 time
2020-06-21 17:51:26 INFO  [main]: Start MainPageTest setUp 1 time
2020-06-21 17:51:32 INFO  [main]: Finish MainPageTest setUp 1 time
2020-06-21 17:51:32 INFO  [main]: Start MainPageTest logoTest
2020-06-21 17:51:32 INFO  [main]: Finish MainPageTest logoTest
2020-06-21 17:51:32 INFO  [main]: Start MainPageTest tearDown 1 time
2020-06-21 17:51:35 INFO  [main]: Finish MainPageTest tearDown 1 time
2020-06-21 19:07:13 INFO  [main]: Start ForgetPageTest setUp 1 time
2020-06-21 19:07:22 INFO  [main]: Finish ForgetPageTest setUp 1 time
2020-06-21 19:07:22 INFO  [main]: Start ForgetPageTest getHeadingTest
2020-06-21 19:07:23 INFO  [main]: Start ForgetPageTest tearDown 1 time
2020-06-21 19:07:25 INFO  [main]: Finish ForgetPageTest tearDown 1 time
2020-06-21 19:07:44 INFO  [main]: Start ForgetPageTest setUp 1 time
2020-06-21 19:07:51 INFO  [main]: Finish ForgetPageTest setUp 1 time
2020-06-21 19:07:51 INFO  [main]: Start ForgetPageTest getHeadingTest
2020-06-21 19:07:51 INFO  [main]: Start ForgetPageTest tearDown 1 time
2020-06-21 19:07:54 INFO  [main]: Finish ForgetPageTest tearDown 1 time
2020-06-21 19:08:11 INFO  [main]: Start ForgetPageTest setUp 1 time
2020-06-21 19:08:18 INFO  [main]: Finish ForgetPageTest setUp 1 time
2020-06-21 19:08:18 INFO  [main]: Start ForgetPageTest getHeadingTest
2020-06-21 19:08:18 INFO  [main]: Finesh ForgetPageTest getHeadingTest
2020-06-21 19:08:18 INFO  [main]: Start ForgetPageTest tearDown 1 time
2020-06-21 19:08:20 INFO  [main]: Finish ForgetPageTest tearDown 1 time
2020-06-21 19:09:36 INFO  [main]: Start ForgetPageTest setUp 1 time
2020-06-21 19:09:43 INFO  [main]: Finish ForgetPageTest setUp 1 time
2020-06-21 19:09:43 INFO  [main]: Start ForgetPageTest getFindYouAkkQuestionTest
2020-06-21 19:09:43 INFO  [main]: Start ForgetPageTest tearDown 1 time
2020-06-21 19:09:45 INFO  [main]: Finish ForgetPageTest tearDown 1 time
2020-06-21 19:12:40 INFO  [main]: Start ForgetPageTest setUp 1 time
2020-06-21 19:12:47 INFO  [main]: Finish ForgetPageTest setUp 1 time
2020-06-21 19:12:47 INFO  [main]: Start ForgetPageTest getFindYouAkkQuestionTest
2020-06-21 19:12:47 INFO  [main]: Finesh ForgetPageTest getFindYouAkkQuestionTest
2020-06-21 19:12:47 INFO  [main]: Start ForgetPageTest tearDown 1 time
2020-06-21 19:12:50 INFO  [main]: Finish ForgetPageTest tearDown 1 time
2020-06-21 19:15:57 INFO  [main]: Start ForgetPageTest setUp 1 time
2020-06-21 19:16:04 INFO  [main]: Finish ForgetPageTest setUp 1 time
2020-06-21 19:16:04 INFO  [main]: Start ForgetPageTest findAkkTest
2020-06-21 19:16:04 INFO  [main]: Finish ForgetPageTest findAkkTest
2020-06-21 19:16:04 INFO  [main]: Start ForgetPageTest tearDown 1 time
2020-06-21 19:16:06 INFO  [main]: Finish ForgetPageTest tearDown 1 time
2020-06-21 19:16:27 INFO  [main]: Start ForgetPageTest setUp 1 time
2020-06-21 19:16:34 INFO  [main]: Finish ForgetPageTest setUp 1 time
2020-06-21 19:16:34 INFO  [main]: Start ForgetPageTest findAkkTest
2020-06-21 19:16:34 INFO  [main]: Finish ForgetPageTest findAkkTest
2020-06-21 19:21:29 INFO  [main]: Start ForgetPageTest setUp 1 time
2020-06-21 19:21:37 INFO  [main]: Finish ForgetPageTest setUp 1 time
2020-06-21 19:21:37 INFO  [main]: Start ForgetPageTest findAkkTest
2020-06-21 19:21:39 INFO  [main]: Finish ForgetPageTest findAkkTest
2020-06-21 19:31:23 INFO  [main]: Start ForgetPageTest setUp 1 time
2020-06-21 19:31:31 INFO  [main]: Finish ForgetPageTest setUp 1 time
2020-06-21 19:32:01 INFO  [main]: Start ForgetPageTest setUp 1 time
2020-06-21 19:32:10 INFO  [main]: Finish ForgetPageTest setUp 1 time
2020-06-21 19:49:03 INFO  [main]: Start LoginPageTest setUp 1 time
2020-06-21 19:49:10 INFO  [main]: Finish LoginPageTest setUp 1 time
2020-06-21 19:49:10 INFO  [main]: start LoginPageTest test registredMailTest
2020-06-21 19:49:11 INFO  [main]: loginPage.getMailErrorText() = Эл. адрес или номер телефона, который вы указали, не соответствует ни одному аккаунту. Зарегистрируйте аккаунт.
2020-06-21 19:49:12 INFO  [main]: finish LoginPageTest test registredMailTest
2020-06-21 19:49:12 INFO  [main]: Start LoginPageTest tearDown 1 time
2020-06-21 19:49:12 INFO  [main]: Finish LoginPageTest tearDown 1 time
2020-06-21 19:49:12 INFO  [main]: Start LoginPageTest setUp 1 time
2020-06-21 19:49:18 INFO  [main]: Finish LoginPageTest setUp 1 time
2020-06-21 19:49:18 INFO  [main]: start LoginPageTest test registredPassTest
2020-06-21 19:49:39 INFO  [main]: finish LoginPageTest test registredPassTest
2020-06-21 19:49:39 INFO  [main]: Start LoginPageTest tearDown 1 time
2020-06-21 19:49:42 INFO  [main]: Finish LoginPageTest tearDown 1 time
